# JRE version: OpenJDK Runtime Environment Temurin-21.0.9+10 (21.0.9+10) (build 21.0.9+10-LTS)
# Java VM: OpenJDK 64-Bit Server VM Temurin-21.0.9+10 (21.0.9+10-LTS, mixed mode, sharing, tiered, compressed oops, compressed class ptrs, parallel gc, windows-amd64)
GC Precious Log:
 CardTable entry size: 512
 CPUs: 16 total, 16 available
 Memory: 15752M
 Large Page Support: Disabled
 NUMA Support: Disabled
 Compressed Oops: Enabled (32-bit)
 Alignments: Space 512K, Generation 512K, Heap 2M
 Heap Min Capacity: 100M
 Heap Initial Capacity: 100M
 Heap Max Capacity: 2G
 Pre-touch: Disabled
 Parallel Workers: 13
Heap:
 PSYoungGen      total 10240K, used 4158K [0x00000000d5580000, 0x00000000d6080000, 0x0000000100000000)
  eden space 9216K, 38% used [0x00000000d5580000,0x00000000d58ed938,0x00000000d5e80000)
  from space 1024K, 63% used [0x00000000d5e80000,0x00000000d5f22220,0x00000000d5f80000)
  to   space 1024K, 0% used [0x00000000d5f80000,0x00000000d5f80000,0x00000000d6080000)
 ParOldGen       total 141824K, used 141624K [0x0000000080000000, 0x0000000088a80000, 0x00000000d5580000)
  object space 141824K, 99% used [0x0000000080000000,0x0000000088a4e008,0x0000000088a80000)
 Metaspace       used 81468K, committed 83072K, reserved 1179648K
  class space    used 8590K, committed 9280K, reserved 1048576K
GC Heap History (20 events):
Event: 994.415 GC heap before
{Heap before GC invocations=262 (full 3):
 PSYoungGen      total 7680K, used 7582K [0x00000000d5580000, 0x00000000d5f80000, 0x0000000100000000)
  eden space 7168K, 100% used [0x00000000d5580000,0x00000000d5c80000,0x00000000d5c80000)
  from space 512K, 80% used [0x00000000d5f00000,0x00000000d5f678c8,0x00000000d5f80000)
  to   space 512K, 0% used [0x00000000d5e80000,0x00000000d5e80000,0x00000000d5f00000)
 ParOldGen       total 138752K, used 138605K [0x0000000080000000, 0x0000000088780000, 0x00000000d5580000)
  object space 138752K, 99% used [0x0000000080000000,0x000000008875b5f8,0x0000000088780000)
 Metaspace       used 81265K, committed 82880K, reserved 1179648K
  class space    used 8574K, committed 9280K, reserved 1048576K
}
Event: 994.417 GC heap after
{Heap after GC invocations=262 (full 3):
 PSYoungGen      total 7680K, used 384K [0x00000000d5580000, 0x00000000d5f80000, 0x0000000100000000)
  eden space 7168K, 0% used [0x00000000d5580000,0x00000000d5580000,0x00000000d5c80000)
  from space 512K, 75% used [0x00000000d5e80000,0x00000000d5ee0000,0x00000000d5f00000)
  to   space 512K, 0% used [0x00000000d5f00000,0x00000000d5f00000,0x00000000d5f80000)
 ParOldGen       total 139264K, used 138811K [0x0000000080000000, 0x0000000088800000, 0x00000000d5580000)
  object space 139264K, 99% used [0x0000000080000000,0x000000008878eec0,0x0000000088800000)
 Metaspace       used 81265K, committed 82880K, reserved 1179648K
  class space    used 8574K, committed 9280K, reserved 1048576K
}
Event: 994.423 GC heap before
{Heap before GC invocations=263 (full 3):
 PSYoungGen      total 7680K, used 7552K [0x00000000d5580000, 0x00000000d5f80000, 0x0000000100000000)
  eden space 7168K, 100% used [0x00000000d5580000,0x00000000d5c80000,0x00000000d5c80000)
  from space 512K, 75% used [0x00000000d5e80000,0x00000000d5ee0000,0x00000000d5f00000)
  to   space 512K, 0% used [0x00000000d5f00000,0x00000000d5f00000,0x00000000d5f80000)
 ParOldGen       total 139264K, used 138811K [0x0000000080000000, 0x0000000088800000, 0x00000000d5580000)
  object space 139264K, 99% used [0x0000000080000000,0x000000008878eec0,0x0000000088800000)
 Metaspace       used 81270K, committed 82944K, reserved 1179648K
  class space    used 8574K, committed 9280K, reserved 1048576K
}
Event: 994.425 GC heap after
{Heap after GC invocations=263 (full 3):
 PSYoungGen      total 9216K, used 448K [0x00000000d5580000, 0x00000000d5f80000, 0x0000000100000000)
  eden space 8704K, 0% used [0x00000000d5580000,0x00000000d5580000,0x00000000d5e00000)
  from space 512K, 87% used [0x00000000d5f00000,0x00000000d5f70000,0x00000000d5f80000)
  to   space 512K, 0% used [0x00000000d5e80000,0x00000000d5e80000,0x00000000d5f00000)
 ParOldGen       total 139264K, used 138963K [0x0000000080000000, 0x0000000088800000, 0x00000000d5580000)
  object space 139264K, 99% used [0x0000000080000000,0x00000000887b4ec0,0x0000000088800000)
 Metaspace       used 81270K, committed 82944K, reserved 1179648K
  class space    used 8574K, committed 9280K, reserved 1048576K
}
Event: 994.433 GC heap before
{Heap before GC invocations=264 (full 3):
 PSYoungGen      total 9216K, used 9152K [0x00000000d5580000, 0x00000000d5f80000, 0x0000000100000000)
  eden space 8704K, 100% used [0x00000000d5580000,0x00000000d5e00000,0x00000000d5e00000)
  from space 512K, 87% used [0x00000000d5f00000,0x00000000d5f70000,0x00000000d5f80000)
  to   space 512K, 0% used [0x00000000d5e80000,0x00000000d5e80000,0x00000000d5f00000)
 ParOldGen       total 139264K, used 138963K [0x0000000080000000, 0x0000000088800000, 0x00000000d5580000)
  object space 139264K, 99% used [0x0000000080000000,0x00000000887b4ec0,0x0000000088800000)
 Metaspace       used 81270K, committed 82944K, reserved 1179648K
  class space    used 8574K, committed 9280K, reserved 1048576K
}
Event: 994.435 GC heap after
{Heap after GC invocations=264 (full 3):
 PSYoungGen      total 9216K, used 480K [0x00000000d5580000, 0x00000000d5f80000, 0x0000000100000000)
  eden space 8704K, 0% used [0x00000000d5580000,0x00000000d5580000,0x00000000d5e00000)
  from space 512K, 93% used [0x00000000d5e80000,0x00000000d5ef8000,0x00000000d5f00000)
  to   space 512K, 0% used [0x00000000d5f00000,0x00000000d5f00000,0x00000000d5f80000)
 ParOldGen       total 139264K, used 139224K [0x0000000080000000, 0x0000000088800000, 0x00000000d5580000)
  object space 139264K, 99% used [0x0000000080000000,0x00000000887f60c0,0x0000000088800000)
 Metaspace       used 81270K, committed 82944K, reserved 1179648K
  class space    used 8574K, committed 9280K, reserved 1048576K
}
Event: 994.445 GC heap before
{Heap before GC invocations=265 (full 3):
 PSYoungGen      total 9216K, used 9184K [0x00000000d5580000, 0x00000000d5f80000, 0x0000000100000000)
  eden space 8704K, 100% used [0x00000000d5580000,0x00000000d5e00000,0x00000000d5e00000)
  from space 512K, 93% used [0x00000000d5e80000,0x00000000d5ef8000,0x00000000d5f00000)
  to   space 512K, 0% used [0x00000000d5f00000,0x00000000d5f00000,0x00000000d5f80000)
 ParOldGen       total 139264K, used 139224K [0x0000000080000000, 0x0000000088800000, 0x00000000d5580000)
  object space 139264K, 99% used [0x0000000080000000,0x00000000887f60c0,0x0000000088800000)
 Metaspace       used 81270K, committed 82944K, reserved 1179648K
  class space    used 8574K, committed 9280K, reserved 1048576K
}
Event: 994.448 GC heap after
{Heap after GC invocations=265 (full 3):
 PSYoungGen      total 9216K, used 481K [0x00000000d5580000, 0x00000000d6000000, 0x0000000100000000)
  eden space 8704K, 0% used [0x00000000d5580000,0x00000000d5580000,0x00000000d5e00000)
  from space 512K, 94% used [0x00000000d5f00000,0x00000000d5f78550,0x00000000d5f80000)
  to   space 1024K, 0% used [0x00000000d5e00000,0x00000000d5e00000,0x00000000d5f00000)
 ParOldGen       total 139776K, used 139480K [0x0000000080000000, 0x0000000088880000, 0x00000000d5580000)
  object space 139776K, 99% used [0x0000000080000000,0x00000000888360c0,0x0000000088880000)
 Metaspace       used 81270K, committed 82944K, reserved 1179648K
  class space    used 8574K, committed 9280K, reserved 1048576K
}
Event: 994.463 GC heap before
{Heap before GC invocations=266 (full 3):
 PSYoungGen      total 9216K, used 9185K [0x00000000d5580000, 0x00000000d6000000, 0x0000000100000000)
  eden space 8704K, 100% used [0x00000000d5580000,0x00000000d5e00000,0x00000000d5e00000)
  from space 512K, 94% used [0x00000000d5f00000,0x00000000d5f78550,0x00000000d5f80000)
  to   space 1024K, 0% used [0x00000000d5e00000,0x00000000d5e00000,0x00000000d5f00000)
 ParOldGen       total 139776K, used 139480K [0x0000000080000000, 0x0000000088880000, 0x00000000d5580000)
  object space 139776K, 99% used [0x0000000080000000,0x00000000888360c0,0x0000000088880000)
 Metaspace       used 81271K, committed 82944K, reserved 1179648K
  class space    used 8574K, committed 9280K, reserved 1048576K
}
Event: 994.465 GC heap after
{Heap after GC invocations=266 (full 3):
 PSYoungGen      total 9728K, used 559K [0x00000000d5580000, 0x00000000d6000000, 0x0000000100000000)
  eden space 8704K, 0% used [0x00000000d5580000,0x00000000d5580000,0x00000000d5e00000)
  from space 1024K, 54% used [0x00000000d5e00000,0x00000000d5e8bd70,0x00000000d5f00000)
  to   space 1024K, 0% used [0x00000000d5f00000,0x00000000d5f00000,0x00000000d6000000)
 ParOldGen       total 139776K, used 139720K [0x0000000080000000, 0x0000000088880000, 0x00000000d5580000)
  object space 139776K, 99% used [0x0000000080000000,0x0000000088872328,0x0000000088880000)
 Metaspace       used 81271K, committed 82944K, reserved 1179648K
  class space    used 8574K, committed 9280K, reserved 1048576K
}
Event: 994.476 GC heap before
{Heap before GC invocations=267 (full 3):
 PSYoungGen      total 9728K, used 9263K [0x00000000d5580000, 0x00000000d6000000, 0x0000000100000000)
  eden space 8704K, 100% used [0x00000000d5580000,0x00000000d5e00000,0x00000000d5e00000)
  from space 1024K, 54% used [0x00000000d5e00000,0x00000000d5e8bd70,0x00000000d5f00000)
  to   space 1024K, 0% used [0x00000000d5f00000,0x00000000d5f00000,0x00000000d6000000)
 ParOldGen       total 139776K, used 139720K [0x0000000080000000, 0x0000000088880000, 0x00000000d5580000)
  object space 139776K, 99% used [0x0000000080000000,0x0000000088872328,0x0000000088880000)
 Metaspace       used 81271K, committed 82944K, reserved 1179648K
  class space    used 8574K, committed 9280K, reserved 1048576K
}
Event: 994.481 GC heap after
{Heap after GC invocations=267 (full 3):
 PSYoungGen      total 10240K, used 352K [0x00000000d5580000, 0x00000000d6100000, 0x0000000100000000)
  eden space 9216K, 0% used [0x00000000d5580000,0x00000000d5580000,0x00000000d5e80000)
  from space 1024K, 34% used [0x00000000d5f00000,0x00000000d5f58000,0x00000000d6000000)
  to   space 512K, 0% used [0x00000000d5e80000,0x00000000d5e80000,0x00000000d5f00000)
 ParOldGen       total 140288K, used 140011K [0x0000000080000000, 0x0000000088900000, 0x00000000d5580000)
  object space 140288K, 99% used [0x0000000080000000,0x00000000888bad10,0x0000000088900000)
 Metaspace       used 81271K, committed 82944K, reserved 1179648K
  class space    used 8574K, committed 9280K, reserved 1048576K
}
Event: 994.494 GC heap before
{Heap before GC invocations=268 (full 3):
 PSYoungGen      total 10240K, used 9568K [0x00000000d5580000, 0x00000000d6100000, 0x0000000100000000)
  eden space 9216K, 100% used [0x00000000d5580000,0x00000000d5e80000,0x00000000d5e80000)
  from space 1024K, 34% used [0x00000000d5f00000,0x00000000d5f58000,0x00000000d6000000)
  to   space 512K, 0% used [0x00000000d5e80000,0x00000000d5e80000,0x00000000d5f00000)
 ParOldGen       total 140288K, used 140011K [0x0000000080000000, 0x0000000088900000, 0x00000000d5580000)
  object space 140288K, 99% used [0x0000000080000000,0x00000000888bad10,0x0000000088900000)
 Metaspace       used 81275K, committed 82944K, reserved 1179648K
  class space    used 8574K, committed 9280K, reserved 1048576K
}
Event: 994.496 GC heap after
{Heap after GC invocations=268 (full 3):
 PSYoungGen      total 9728K, used 481K [0x00000000d5580000, 0x00000000d6080000, 0x0000000100000000)
  eden space 9216K, 0% used [0x00000000d5580000,0x00000000d5580000,0x00000000d5e80000)
  from space 512K, 94% used [0x00000000d5e80000,0x00000000d5ef8550,0x00000000d5f00000)
  to   space 1024K, 0% used [0x00000000d5f80000,0x00000000d5f80000,0x00000000d6080000)
 ParOldGen       total 140288K, used 140215K [0x0000000080000000, 0x0000000088900000, 0x00000000d5580000)
  object space 140288K, 99% used [0x0000000080000000,0x00000000888edcc8,0x0000000088900000)
 Metaspace       used 81275K, committed 82944K, reserved 1179648K
  class space    used 8574K, committed 9280K, reserved 1048576K
}
Event: 994.517 GC heap before
{Heap before GC invocations=269 (full 3):
 PSYoungGen      total 9728K, used 9697K [0x00000000d5580000, 0x00000000d6080000, 0x0000000100000000)
  eden space 9216K, 100% used [0x00000000d5580000,0x00000000d5e80000,0x00000000d5e80000)
  from space 512K, 94% used [0x00000000d5e80000,0x00000000d5ef8550,0x00000000d5f00000)
  to   space 1024K, 0% used [0x00000000d5f80000,0x00000000d5f80000,0x00000000d6080000)
 ParOldGen       total 140288K, used 140215K [0x0000000080000000, 0x0000000088900000, 0x00000000d5580000)
  object space 140288K, 99% used [0x0000000080000000,0x00000000888edcc8,0x0000000088900000)
 Metaspace       used 81300K, committed 82944K, reserved 1179648K
  class space    used 8579K, committed 9280K, reserved 1048576K
}
Event: 994.519 GC heap after
{Heap after GC invocations=269 (full 3):
 PSYoungGen      total 10240K, used 752K [0x00000000d5580000, 0x00000000d6080000, 0x0000000100000000)
  eden space 9216K, 0% used [0x00000000d5580000,0x00000000d5580000,0x00000000d5e80000)
  from space 1024K, 73% used [0x00000000d5f80000,0x00000000d603c010,0x00000000d6080000)
  to   space 1024K, 0% used [0x00000000d5e80000,0x00000000d5e80000,0x00000000d5f80000)
 ParOldGen       total 140800K, used 140569K [0x0000000080000000, 0x0000000088980000, 0x00000000d5580000)
  object space 140800K, 99% used [0x0000000080000000,0x0000000088946550,0x0000000088980000)
 Metaspace       used 81300K, committed 82944K, reserved 1179648K
  class space    used 8579K, committed 9280K, reserved 1048576K
}
Event: 994.541 GC heap before
{Heap before GC invocations=270 (full 3):
 PSYoungGen      total 10240K, used 9968K [0x00000000d5580000, 0x00000000d6080000, 0x0000000100000000)
  eden space 9216K, 100% used [0x00000000d5580000,0x00000000d5e80000,0x00000000d5e80000)
  from space 1024K, 73% used [0x00000000d5f80000,0x00000000d603c010,0x00000000d6080000)
  to   space 1024K, 0% used [0x00000000d5e80000,0x00000000d5e80000,0x00000000d5f80000)
 ParOldGen       total 140800K, used 140569K [0x0000000080000000, 0x0000000088980000, 0x00000000d5580000)
  object space 140800K, 99% used [0x0000000080000000,0x0000000088946550,0x0000000088980000)
 Metaspace       used 81343K, committed 83008K, reserved 1179648K
  class space    used 8583K, committed 9280K, reserved 1048576K
}
Event: 994.545 GC heap after
{Heap after GC invocations=270 (full 3):
 PSYoungGen      total 10240K, used 480K [0x00000000d5580000, 0x00000000d6080000, 0x0000000100000000)
  eden space 9216K, 0% used [0x00000000d5580000,0x00000000d5580000,0x00000000d5e80000)
  from space 1024K, 46% used [0x00000000d5e80000,0x00000000d5ef8000,0x00000000d5f80000)
  to   space 1024K, 0% used [0x00000000d5f80000,0x00000000d5f80000,0x00000000d6080000)
 ParOldGen       total 141312K, used 141060K [0x0000000080000000, 0x0000000088a00000, 0x00000000d5580000)
  object space 141312K, 99% used [0x0000000080000000,0x00000000889c1398,0x0000000088a00000)
 Metaspace       used 81343K, committed 83008K, reserved 1179648K
  class space    used 8583K, committed 9280K, reserved 1048576K
}
Event: 994.580 GC heap before
{Heap before GC invocations=271 (full 3):
 PSYoungGen      total 10240K, used 9696K [0x00000000d5580000, 0x00000000d6080000, 0x0000000100000000)
  eden space 9216K, 100% used [0x00000000d5580000,0x00000000d5e80000,0x00000000d5e80000)
  from space 1024K, 46% used [0x00000000d5e80000,0x00000000d5ef8000,0x00000000d5f80000)
  to   space 1024K, 0% used [0x00000000d5f80000,0x00000000d5f80000,0x00000000d6080000)
 ParOldGen       total 141312K, used 141060K [0x0000000080000000, 0x0000000088a00000, 0x00000000d5580000)
  object space 141312K, 99% used [0x0000000080000000,0x00000000889c1398,0x0000000088a00000)
 Metaspace       used 81400K, committed 83008K, reserved 1179648K
  class space    used 8584K, committed 9280K, reserved 1048576K
}
Event: 994.582 GC heap after
{Heap after GC invocations=271 (full 3):
 PSYoungGen      total 10240K, used 672K [0x00000000d5580000, 0x00000000d6080000, 0x0000000100000000)
  eden space 9216K, 0% used [0x00000000d5580000,0x00000000d5580000,0x00000000d5e80000)
  from space 1024K, 65% used [0x00000000d5f80000,0x00000000d6028000,0x00000000d6080000)
  to   space 1024K, 0% used [0x00000000d5e80000,0x00000000d5e80000,0x00000000d5f80000)
 ParOldGen       total 141312K, used 141292K [0x0000000080000000, 0x0000000088a00000, 0x00000000d5580000)
  object space 141312K, 99% used [0x0000000080000000,0x00000000889fb398,0x0000000088a00000)
 Metaspace       used 81400K, committed 83008K, reserved 1179648K
  class space    used 8584K, committed 9280K, reserved 1048576K
}

